2025-05-30 22:06 - DEBUG - File format is pdf
2025-05-30 22:06 - DEBUG - Result folder /tmp/results
2025-05-30 22:06 - DEBUG - Result File Name final.pdf
2025-05-30 22:06 - DEBUG - Result File Path /tmp/results/final.pdf
2025-05-30 22:06 - DEBUG - File format is pdf
2025-05-30 22:06 - DEBUG - Result folder /tmp/results
2025-05-30 22:06 - DEBUG - Result File Name final.pdf
2025-05-30 22:06 - DEBUG - Result File Path /tmp/results/final.pdf
2025-05-30 22:06 - DEBUG - Configuration created successfully
2025-05-30 22:07 - INFO - PDF File Successfully converted into JSON
2025-05-30 22:07 - INFO - Number of toppers student 8
2025-05-30 22:07 - INFO - First Register number 24000000
2025-05-30 22:07 - DEBUG - Page break on page 1 at y=269 for element of height 9 > 277
2025-05-30 22:07 - DEBUG - Page break on page 2 at y=271 for element of height 7 > 277
2025-05-30 22:07 - DEBUG - Page break on page 3 at y=292 for element of height 0 > 277
2025-05-30 22:07 - DEBUG - Page break on page 4 at y=273 for element of height 7 > 277
2025-05-30 22:07 - DEBUG - Page break on page 4 at y=273 for element of height 15 > 277
2025-05-30 22:07 - DEBUG - Page break on page 5 at y=276 for element of height 7 > 277
2025-05-30 22:07 - DEBUG - Page break on page 6 at y=286 for element of height 0 > 277
2025-05-30 22:07 - DEBUG - Page break on page 7 at y=270 for element of height 7 > 277
2025-05-30 22:07 - DEBUG - Page break on page 7 at y=270 for element of height 23 > 277
2025-05-30 22:07 - DEBUG - Page break on page 8 at y=275 for element of height 7 > 277
2025-05-30 22:07 - DEBUG - Page break on page 9 at y=273 for element of height 7 > 277
2025-05-30 22:07 - DEBUG - Page break on page 10 at y=273 for element of height 7 > 277
2025-05-30 22:07 - DEBUG - Page break on page 11 at y=273 for element of height 7 > 277
2025-05-30 22:07 - DEBUG - Page break on page 12 at y=273 for element of height 7 > 277
2025-05-30 22:07 - DEBUG - Page break on page 13 at y=273 for element of height 7 > 277
2025-05-30 22:07 - DEBUG - Final size summary of the biggest document sections:
2025-05-30 22:07 - DEBUG - - pages: 29.0KiB
2025-05-30 22:07 - DEBUG - - fonts: 405.0B
2025-05-30 22:07 - INFO - Analysis completed PDF Generated and Going to do watermark
